<?xml version="1.0" encoding="UTF-8"?>
<!-- Generated by org.testng.reporters.JUnitXMLReporter -->
<testsuite ignored="0" hostname="DESKTOP-P2DJP4T" failures="0" tests="6" name="Dashboard Page Tests" time="49.308" errors="0" timestamp="2025-10-24T20:06:53 IST">
  <testcase classname="com.violetis.Tests.empdashboard.ClockInOutTest" name="@BeforeClass loginAndSetupDashboard" time="25.442">
    <failure type="org.openqa.selenium.TimeoutException" message="Expected condition failed: waiting for visibility of element located by By.xpath: //input[@id=&amp;apos;form_item_email&amp;apos;] (tried for 20 second(s) with 500 milliseconds interval)
Build info: version: &amp;apos;4.35.0&amp;apos;, revision: &amp;apos;1c58e5028b&amp;apos;
System info: os.name: &amp;apos;Windows 10&amp;apos;, os.arch: &amp;apos;amd64&amp;apos;, os.version: &amp;apos;10.0&amp;apos;, java.version: &amp;apos;23.0.1&amp;apos;
Driver info: org.openqa.selenium.chrome.ChromeDriver
Capabilities {acceptInsecureCerts: false, browserName: chrome, browserVersion: 141.0.7390.108, chrome: {chromedriverVersion: 141.0.7390.122 (b477534e7e1..., userDataDir: C:\Users\Dell\AppData\Local...}, fedcm:accounts: true, goog:chromeOptions: {debuggerAddress: localhost:59242}, networkConnectionEnabled: false, pageLoadStrategy: normal, platformName: windows, proxy: Proxy(), se:cdp: ws://localhost:59242/devtoo..., se:cdpVersion: 141.0.7390.108, setWindowRect: true, strictFileInteractability: false, timeouts: {implicit: 0, pageLoad: 300000, script: 30000}, unhandledPromptBehavior: dismiss and notify, webauthn:extension:credBlob: true, webauthn:extension:largeBlob: true, webauthn:extension:minPinLength: true, webauthn:extension:prf: true, webauthn:virtualAuthenticators: true}
Session ID: 8c9b7f7bce25e1944e6a47584e8b77de">
      <![CDATA[org.openqa.selenium.TimeoutException: Expected condition failed: waiting for visibility of element located by By.xpath: //input[@id='form_item_email'] (tried for 20 second(s) with 500 milliseconds interval)
Build info: version: '4.35.0', revision: '1c58e5028b'
System info: os.name: 'Windows 10', os.arch: 'amd64', os.version: '10.0', java.version: '23.0.1'
Driver info: org.openqa.selenium.chrome.ChromeDriver
Capabilities {acceptInsecureCerts: false, browserName: chrome, browserVersion: 141.0.7390.108, chrome: {chromedriverVersion: 141.0.7390.122 (b477534e7e1..., userDataDir: C:\Users\Dell\AppData\Local...}, fedcm:accounts: true, goog:chromeOptions: {debuggerAddress: localhost:59242}, networkConnectionEnabled: false, pageLoadStrategy: normal, platformName: windows, proxy: Proxy(), se:cdp: ws://localhost:59242/devtoo..., se:cdpVersion: 141.0.7390.108, setWindowRect: true, strictFileInteractability: false, timeouts: {implicit: 0, pageLoad: 300000, script: 30000}, unhandledPromptBehavior: dismiss and notify, webauthn:extension:credBlob: true, webauthn:extension:largeBlob: true, webauthn:extension:minPinLength: true, webauthn:extension:prf: true, webauthn:virtualAuthenticators: true}
Session ID: 8c9b7f7bce25e1944e6a47584e8b77de
at org.openqa.selenium.support.ui.WebDriverWait.timeoutException(WebDriverWait.java:84)
at org.openqa.selenium.support.ui.FluentWait.until(FluentWait.java:228)
at com.violetis.Utilities.WaitUtils.waitForElementVisible(WaitUtils.java:18)
at com.violetis.Pages.LoginPage.enterUserOrPhNo(LoginPage.java:19)
at com.violetis.Pages.LoginPage.login(LoginPage.java:46)
at com.violetis.Tests.empdashboard.ClockInOutTest.loginAndSetupDashboard(ClockInOutTest.java:27)
at java.base/java.util.concurrent.Executors$RunnableAdapter.call(Executors.java:572)
at java.base/java.util.concurrent.FutureTask.run(FutureTask.java:317)
at java.base/java.util.concurrent.ThreadPoolExecutor.runWorker(ThreadPoolExecutor.java:1144)
at java.base/java.util.concurrent.ThreadPoolExecutor$Worker.run(ThreadPoolExecutor.java:642)
at java.base/java.lang.Thread.run(Thread.java:1575)
... Removed 9 stack frames]]>
    </failure>
  </testcase> <!-- @BeforeClass loginAndSetupDashboard -->
  <testcase classname="com.violetis.Tests.empdashboard.ClockInOutTest" name="testPreventClockOutBeforeClockIn" time="0.0">
    <skipped/>
  </testcase> <!-- testPreventClockOutBeforeClockIn -->
  <testcase classname="com.violetis.Tests.empdashboard.ClockInOutTest" name="testClockInFunctionality" time="0.0">
    <skipped/>
  </testcase> <!-- testClockInFunctionality -->
  <testcase classname="com.violetis.Tests.empdashboard.ClockInOutTest" name="testPreventDoubleClockIn" time="0.002">
    <skipped/>
  </testcase> <!-- testPreventDoubleClockIn -->
  <testcase classname="com.violetis.Tests.empdashboard.ClockInOutTest" name="testDisplayCurrentDateTime" time="0.001">
    <skipped/>
  </testcase> <!-- testDisplayCurrentDateTime -->
  <testcase classname="com.violetis.Tests.empdashboard.ClockInOutTest" name="testClockOutFunctionality" time="0.002">
    <skipped/>
  </testcase> <!-- testClockOutFunctionality -->
  <testcase classname="com.violetis.Tests.empdashboard.ClockInOutTest" name="testTotalWorkedHours" time="0.0">
    <skipped/>
  </testcase> <!-- testTotalWorkedHours -->
</testsuite> <!-- Dashboard Page Tests -->
